Added Component: Designator=JP?(SMA-KWE)
Add component (AddParameter): Name = "Link"; Value = "https://www.digikey.cn/en/products/detail/adam-tech/RF2-04A-T-00-50-G/9830588"; VariantName = "[No Variations]"
Add component (AddParameter): Name = "Manufacture Part Number"; Value = "RF2-04A-T-00-50-G"; VariantName = "[No Variations]"
Add component (AddParameter): Name = "Manufacturer"; Value = "Adam Tech"; VariantName = "[No Variations]"
Add component (AddParameter): Name = "Packaging"; Value = "Bulk"; VariantName = "[No Variations]"
Add component (AddParameter): Name = "Price"; Value = "$2.20"; VariantName = "[No Variations]"
Add component (AddParameter): Name = "Viet Nam Link"; Value = "https://linhkienchatluong.vn/de-anten/de-anten-sma-5-chan-cai-thang-sma-ke_sp1035_ct8354.aspx"; VariantName = "[No Variations]"
Added Component: Designator=JP?(SMA-KWE)
Add component (AddParameter): Name = "Link"; Value = "https://www.digikey.cn/en/products/detail/adam-tech/RF2-04A-T-00-50-G/9830588"; VariantName = "[No Variations]"
Add component (AddParameter): Name = "Manufacture Part Number"; Value = "RF2-04A-T-00-50-G"; VariantName = "[No Variations]"
Add component (AddParameter): Name = "Manufacturer"; Value = "Adam Tech"; VariantName = "[No Variations]"
Add component (AddParameter): Name = "Packaging"; Value = "Bulk"; VariantName = "[No Variations]"
Add component (AddParameter): Name = "Price"; Value = "$2.20"; VariantName = "[No Variations]"
Add component (AddParameter): Name = "Viet Nam Link"; Value = "https://linhkienchatluong.vn/de-anten/de-anten-sma-5-chan-cai-thang-sma-ke_sp1035_ct8354.aspx"; VariantName = "[No Variations]"
Added Component: Designator=JP?(BNC-KE)
Add component (AddParameter): Name = "Link"; Value = "https://www.digikey.cn/en/products/detail/te-connectivity-linx/CONBNC001/16013844"; VariantName = "[No Variations]"
Add component (AddParameter): Name = "Manufacture Part Number"; Value = "CONBNC001"; VariantName = "[No Variations]"
Add component (AddParameter): Name = "Manufacturer"; Value = "TE Connectivity Linx"; VariantName = "[No Variations]"
Add component (AddParameter): Name = "Packaging"; Value = "Tray"; VariantName = "[No Variations]"
Add component (AddParameter): Name = "Price"; Value = "$1.84"; VariantName = "[No Variations]"
Add component (AddParameter): Name = "Viet Nam Link"; Value = "https://linhkien888.vn/dau-bnc-ke-female-han-mach"; VariantName = "[No Variations]"
Added Component: Designator=JP?(BNC-KE)
Add component (AddParameter): Name = "Link"; Value = "https://www.digikey.cn/en/products/detail/te-connectivity-linx/CONBNC001/16013844"; VariantName = "[No Variations]"
Add component (AddParameter): Name = "Manufacture Part Number"; Value = "CONBNC001"; VariantName = "[No Variations]"
Add component (AddParameter): Name = "Manufacturer"; Value = "TE Connectivity Linx"; VariantName = "[No Variations]"
Add component (AddParameter): Name = "Packaging"; Value = "Tray"; VariantName = "[No Variations]"
Add component (AddParameter): Name = "Price"; Value = "$1.84"; VariantName = "[No Variations]"
Add component (AddParameter): Name = "Viet Nam Link"; Value = "https://linhkien888.vn/dau-bnc-ke-female-han-mach"; VariantName = "[No Variations]"
Added Component: Designator=JP?(TERMINAL_5MM_2P)
Add component (AddParameter): Name = "Link"; Value = "https://www.digikey.cn/en/products/detail/w%C3%BCrth-elektronik/691137710002/6644051"; VariantName = "[No Variations]"
Add component (AddParameter): Name = "Manufacture Part Number"; Value = "691137710002"; VariantName = "[No Variations]"
Add component (AddParameter): Name = "Manufacturer"; Value = "Würth Elektronik"; VariantName = "[No Variations]"
Add component (AddParameter): Name = "Packaging"; Value = "Bulk"; VariantName = "[No Variations]"
Add component (AddParameter): Name = "Price"; Value = "$0.41"; VariantName = "[No Variations]"
Add component (AddParameter): Name = "Viet Nam Link"; Value = "https://linhkienchatluong.vn/cau-dau-kf127/cau-dau-2p-kf127-508mm-mau-xanh-chinh-hang-meigan_sp868_ct4100.aspx"; VariantName = "[No Variations]"
Added Component: Designator=JP?(BNC-KE)
Add component (AddParameter): Name = "Link"; Value = "https://www.digikey.cn/en/products/detail/te-connectivity-linx/CONBNC001/16013844"; VariantName = "[No Variations]"
Add component (AddParameter): Name = "Manufacture Part Number"; Value = "CONBNC001"; VariantName = "[No Variations]"
Add component (AddParameter): Name = "Manufacturer"; Value = "TE Connectivity Linx"; VariantName = "[No Variations]"
Add component (AddParameter): Name = "Packaging"; Value = "Tray"; VariantName = "[No Variations]"
Add component (AddParameter): Name = "Price"; Value = "$1.84"; VariantName = "[No Variations]"
Add component (AddParameter): Name = "Viet Nam Link"; Value = "https://linhkien888.vn/dau-bnc-ke-female-han-mach"; VariantName = "[No Variations]"
Added Component: Designator=JP?(SMA-KWE)
Add component (AddParameter): Name = "Link"; Value = "https://www.digikey.cn/en/products/detail/adam-tech/RF2-04A-T-00-50-G/9830588"; VariantName = "[No Variations]"
Add component (AddParameter): Name = "Manufacture Part Number"; Value = "RF2-04A-T-00-50-G"; VariantName = "[No Variations]"
Add component (AddParameter): Name = "Manufacturer"; Value = "Adam Tech"; VariantName = "[No Variations]"
Add component (AddParameter): Name = "Packaging"; Value = "Bulk"; VariantName = "[No Variations]"
Add component (AddParameter): Name = "Price"; Value = "$2.20"; VariantName = "[No Variations]"
Add component (AddParameter): Name = "Viet Nam Link"; Value = "https://linhkienchatluong.vn/de-anten/de-anten-sma-5-chan-cai-thang-sma-ke_sp1035_ct8354.aspx"; VariantName = "[No Variations]"
Added Component: Designator=JP?(SMA-KWE)
Add component (AddParameter): Name = "Link"; Value = "https://www.digikey.cn/en/products/detail/adam-tech/RF2-04A-T-00-50-G/9830588"; VariantName = "[No Variations]"
Add component (AddParameter): Name = "Manufacture Part Number"; Value = "RF2-04A-T-00-50-G"; VariantName = "[No Variations]"
Add component (AddParameter): Name = "Manufacturer"; Value = "Adam Tech"; VariantName = "[No Variations]"
Add component (AddParameter): Name = "Packaging"; Value = "Bulk"; VariantName = "[No Variations]"
Add component (AddParameter): Name = "Price"; Value = "$2.20"; VariantName = "[No Variations]"
Add component (AddParameter): Name = "Viet Nam Link"; Value = "https://linhkienchatluong.vn/de-anten/de-anten-sma-5-chan-cai-thang-sma-ke_sp1035_ct8354.aspx"; VariantName = "[No Variations]"
Added Component: Designator=JP?(SMA-KWE)
Add component (AddParameter): Name = "Link"; Value = "https://www.digikey.cn/en/products/detail/adam-tech/RF2-04A-T-00-50-G/9830588"; VariantName = "[No Variations]"
Add component (AddParameter): Name = "Manufacture Part Number"; Value = "RF2-04A-T-00-50-G"; VariantName = "[No Variations]"
Add component (AddParameter): Name = "Manufacturer"; Value = "Adam Tech"; VariantName = "[No Variations]"
Add component (AddParameter): Name = "Packaging"; Value = "Bulk"; VariantName = "[No Variations]"
Add component (AddParameter): Name = "Price"; Value = "$2.20"; VariantName = "[No Variations]"
Add component (AddParameter): Name = "Viet Nam Link"; Value = "https://linhkienchatluong.vn/de-anten/de-anten-sma-5-chan-cai-thang-sma-ke_sp1035_ct8354.aspx"; VariantName = "[No Variations]"
Added Component: Designator=JP?(TERMINAL_5MM_2P)
Add component (AddParameter): Name = "Link"; Value = "https://www.digikey.cn/en/products/detail/w%C3%BCrth-elektronik/691137710002/6644051"; VariantName = "[No Variations]"
Add component (AddParameter): Name = "Manufacture Part Number"; Value = "691137710002"; VariantName = "[No Variations]"
Add component (AddParameter): Name = "Manufacturer"; Value = "Würth Elektronik"; VariantName = "[No Variations]"
Add component (AddParameter): Name = "Packaging"; Value = "Bulk"; VariantName = "[No Variations]"
Add component (AddParameter): Name = "Price"; Value = "$0.41"; VariantName = "[No Variations]"
Add component (AddParameter): Name = "Viet Nam Link"; Value = "https://linhkienchatluong.vn/cau-dau-kf127/cau-dau-2p-kf127-508mm-mau-xanh-chinh-hang-meigan_sp868_ct4100.aspx"; VariantName = "[No Variations]"
Added Component: Designator=JP?(TERMINAL_5MM_2P)
Add component (AddParameter): Name = "Link"; Value = "https://www.digikey.cn/en/products/detail/w%C3%BCrth-elektronik/691137710002/6644051"; VariantName = "[No Variations]"
Add component (AddParameter): Name = "Manufacture Part Number"; Value = "691137710002"; VariantName = "[No Variations]"
Add component (AddParameter): Name = "Manufacturer"; Value = "Würth Elektronik"; VariantName = "[No Variations]"
Add component (AddParameter): Name = "Packaging"; Value = "Bulk"; VariantName = "[No Variations]"
Add component (AddParameter): Name = "Price"; Value = "$0.41"; VariantName = "[No Variations]"
Add component (AddParameter): Name = "Viet Nam Link"; Value = "https://linhkienchatluong.vn/cau-dau-kf127/cau-dau-2p-kf127-508mm-mau-xanh-chinh-hang-meigan_sp868_ct4100.aspx"; VariantName = "[No Variations]"
Added Component: Designator=JP?(TERMINAL_5MM_2P)
Add component (AddParameter): Name = "Link"; Value = "https://www.digikey.cn/en/products/detail/w%C3%BCrth-elektronik/691137710002/6644051"; VariantName = "[No Variations]"
Add component (AddParameter): Name = "Manufacture Part Number"; Value = "691137710002"; VariantName = "[No Variations]"
Add component (AddParameter): Name = "Manufacturer"; Value = "Würth Elektronik"; VariantName = "[No Variations]"
Add component (AddParameter): Name = "Packaging"; Value = "Bulk"; VariantName = "[No Variations]"
Add component (AddParameter): Name = "Price"; Value = "$0.41"; VariantName = "[No Variations]"
Add component (AddParameter): Name = "Viet Nam Link"; Value = "https://linhkienchatluong.vn/cau-dau-kf127/cau-dau-2p-kf127-508mm-mau-xanh-chinh-hang-meigan_sp868_ct4100.aspx"; VariantName = "[No Variations]"
Added Component: Designator=JP?(SMA-KWE)
Add component (AddParameter): Name = "Link"; Value = "https://www.digikey.cn/en/products/detail/adam-tech/RF2-04A-T-00-50-G/9830588"; VariantName = "[No Variations]"
Add component (AddParameter): Name = "Manufacture Part Number"; Value = "RF2-04A-T-00-50-G"; VariantName = "[No Variations]"
Add component (AddParameter): Name = "Manufacturer"; Value = "Adam Tech"; VariantName = "[No Variations]"
Add component (AddParameter): Name = "Packaging"; Value = "Bulk"; VariantName = "[No Variations]"
Add component (AddParameter): Name = "Price"; Value = "$2.20"; VariantName = "[No Variations]"
Add component (AddParameter): Name = "Viet Nam Link"; Value = "https://linhkienchatluong.vn/de-anten/de-anten-sma-5-chan-cai-thang-sma-ke_sp1035_ct8354.aspx"; VariantName = "[No Variations]"
Added Component: Designator=JP?(SMA-KWE)
Add component (AddParameter): Name = "Link"; Value = "https://www.digikey.cn/en/products/detail/adam-tech/RF2-04A-T-00-50-G/9830588"; VariantName = "[No Variations]"
Add component (AddParameter): Name = "Manufacture Part Number"; Value = "RF2-04A-T-00-50-G"; VariantName = "[No Variations]"
Add component (AddParameter): Name = "Manufacturer"; Value = "Adam Tech"; VariantName = "[No Variations]"
Add component (AddParameter): Name = "Packaging"; Value = "Bulk"; VariantName = "[No Variations]"
Add component (AddParameter): Name = "Price"; Value = "$2.20"; VariantName = "[No Variations]"
Add component (AddParameter): Name = "Viet Nam Link"; Value = "https://linhkienchatluong.vn/de-anten/de-anten-sma-5-chan-cai-thang-sma-ke_sp1035_ct8354.aspx"; VariantName = "[No Variations]"
Added Component: Designator=JP?(TERMINAL_5MM_2P)
Add component (AddParameter): Name = "Link"; Value = "https://www.digikey.cn/en/products/detail/w%C3%BCrth-elektronik/691137710002/6644051"; VariantName = "[No Variations]"
Add component (AddParameter): Name = "Manufacture Part Number"; Value = "691137710002"; VariantName = "[No Variations]"
Add component (AddParameter): Name = "Manufacturer"; Value = "Würth Elektronik"; VariantName = "[No Variations]"
Add component (AddParameter): Name = "Packaging"; Value = "Bulk"; VariantName = "[No Variations]"
Add component (AddParameter): Name = "Price"; Value = "$0.41"; VariantName = "[No Variations]"
Add component (AddParameter): Name = "Viet Nam Link"; Value = "https://linhkienchatluong.vn/cau-dau-kf127/cau-dau-2p-kf127-508mm-mau-xanh-chinh-hang-meigan_sp868_ct4100.aspx"; VariantName = "[No Variations]"
Added Component: Designator=JP?(SMA-KWE)
Add component (AddParameter): Name = "Link"; Value = "https://www.digikey.cn/en/products/detail/adam-tech/RF2-04A-T-00-50-G/9830588"; VariantName = "[No Variations]"
Add component (AddParameter): Name = "Manufacture Part Number"; Value = "RF2-04A-T-00-50-G"; VariantName = "[No Variations]"
Add component (AddParameter): Name = "Manufacturer"; Value = "Adam Tech"; VariantName = "[No Variations]"
Add component (AddParameter): Name = "Packaging"; Value = "Bulk"; VariantName = "[No Variations]"
Add component (AddParameter): Name = "Price"; Value = "$2.20"; VariantName = "[No Variations]"
Add component (AddParameter): Name = "Viet Nam Link"; Value = "https://linhkienchatluong.vn/de-anten/de-anten-sma-5-chan-cai-thang-sma-ke_sp1035_ct8354.aspx"; VariantName = "[No Variations]"
Added Component: Designator=JP?(SMA-KWE)
Add component (AddParameter): Name = "Link"; Value = "https://www.digikey.cn/en/products/detail/adam-tech/RF2-04A-T-00-50-G/9830588"; VariantName = "[No Variations]"
Add component (AddParameter): Name = "Manufacture Part Number"; Value = "RF2-04A-T-00-50-G"; VariantName = "[No Variations]"
Add component (AddParameter): Name = "Manufacturer"; Value = "Adam Tech"; VariantName = "[No Variations]"
Add component (AddParameter): Name = "Packaging"; Value = "Bulk"; VariantName = "[No Variations]"
Add component (AddParameter): Name = "Price"; Value = "$2.20"; VariantName = "[No Variations]"
Add component (AddParameter): Name = "Viet Nam Link"; Value = "https://linhkienchatluong.vn/de-anten/de-anten-sma-5-chan-cai-thang-sma-ke_sp1035_ct8354.aspx"; VariantName = "[No Variations]"
Added Component: Designator=JP?(SMA-KWE)
Add component (AddParameter): Name = "Link"; Value = "https://www.digikey.cn/en/products/detail/adam-tech/RF2-04A-T-00-50-G/9830588"; VariantName = "[No Variations]"
Add component (AddParameter): Name = "Manufacture Part Number"; Value = "RF2-04A-T-00-50-G"; VariantName = "[No Variations]"
Add component (AddParameter): Name = "Manufacturer"; Value = "Adam Tech"; VariantName = "[No Variations]"
Add component (AddParameter): Name = "Packaging"; Value = "Bulk"; VariantName = "[No Variations]"
Add component (AddParameter): Name = "Price"; Value = "$2.20"; VariantName = "[No Variations]"
Add component (AddParameter): Name = "Viet Nam Link"; Value = "https://linhkienchatluong.vn/de-anten/de-anten-sma-5-chan-cai-thang-sma-ke_sp1035_ct8354.aspx"; VariantName = "[No Variations]"
Added Component: Designator=JP?(DB37_RA)
Add component (AddParameter): Name = "Link"; Value = "https://www.digikey.cn/en/products/detail/te-connectivity-amp-connectors/5747843-6/808659"; VariantName = "[No Variations]"
Add component (AddParameter): Name = "Manufacture Part Number"; Value = "5747843-6"; VariantName = "[No Variations]"
Add component (AddParameter): Name = "Manufacturer"; Value = "TE Connectivity AMP Connectors"; VariantName = "[No Variations]"
Add component (AddParameter): Name = "Packaging"; Value = "Tray"; VariantName = "[No Variations]"
Add component (AddParameter): Name = "Price"; Value = "$11.91"; VariantName = "[No Variations]"
Add component (AddParameter): Name = "Viet Nam Link"; Value = "https://linhkienchatluong.vn/cong-usb-may-tinh-may-in/cong-db37-duc-cong-han-mach_sp731_ct9839.aspx"; VariantName = "[No Variations]"
Added Component: Designator=JP?(SMA-KWE)
Add component (AddParameter): Name = "Link"; Value = "https://www.digikey.cn/en/products/detail/adam-tech/RF2-04A-T-00-50-G/9830588"; VariantName = "[No Variations]"
Add component (AddParameter): Name = "Manufacture Part Number"; Value = "RF2-04A-T-00-50-G"; VariantName = "[No Variations]"
Add component (AddParameter): Name = "Manufacturer"; Value = "Adam Tech"; VariantName = "[No Variations]"
Add component (AddParameter): Name = "Packaging"; Value = "Bulk"; VariantName = "[No Variations]"
Add component (AddParameter): Name = "Price"; Value = "$2.20"; VariantName = "[No Variations]"
Add component (AddParameter): Name = "Viet Nam Link"; Value = "https://linhkienchatluong.vn/de-anten/de-anten-sma-5-chan-cai-thang-sma-ke_sp1035_ct8354.aspx"; VariantName = "[No Variations]"
Added Component: Designator=JP?(TERMINAL_5MM_2P)
Add component (AddParameter): Name = "Link"; Value = "https://www.digikey.cn/en/products/detail/w%C3%BCrth-elektronik/691137710002/6644051"; VariantName = "[No Variations]"
Add component (AddParameter): Name = "Manufacture Part Number"; Value = "691137710002"; VariantName = "[No Variations]"
Add component (AddParameter): Name = "Manufacturer"; Value = "Würth Elektronik"; VariantName = "[No Variations]"
Add component (AddParameter): Name = "Packaging"; Value = "Bulk"; VariantName = "[No Variations]"
Add component (AddParameter): Name = "Price"; Value = "$0.41"; VariantName = "[No Variations]"
Add component (AddParameter): Name = "Viet Nam Link"; Value = "https://linhkienchatluong.vn/cau-dau-kf127/cau-dau-2p-kf127-508mm-mau-xanh-chinh-hang-meigan_sp868_ct4100.aspx"; VariantName = "[No Variations]"
Added Component: Designator=JP?(TERMINAL_5MM_2P)
Add component (AddParameter): Name = "Link"; Value = "https://www.digikey.cn/en/products/detail/w%C3%BCrth-elektronik/691137710002/6644051"; VariantName = "[No Variations]"
Add component (AddParameter): Name = "Manufacture Part Number"; Value = "691137710002"; VariantName = "[No Variations]"
Add component (AddParameter): Name = "Manufacturer"; Value = "Würth Elektronik"; VariantName = "[No Variations]"
Add component (AddParameter): Name = "Packaging"; Value = "Bulk"; VariantName = "[No Variations]"
Add component (AddParameter): Name = "Price"; Value = "$0.41"; VariantName = "[No Variations]"
Add component (AddParameter): Name = "Viet Nam Link"; Value = "https://linhkienchatluong.vn/cau-dau-kf127/cau-dau-2p-kf127-508mm-mau-xanh-chinh-hang-meigan_sp868_ct4100.aspx"; VariantName = "[No Variations]"
Added Component: Designator=JP?(SMA-KWE)
Add component (AddParameter): Name = "Link"; Value = "https://www.digikey.cn/en/products/detail/adam-tech/RF2-04A-T-00-50-G/9830588"; VariantName = "[No Variations]"
Add component (AddParameter): Name = "Manufacture Part Number"; Value = "RF2-04A-T-00-50-G"; VariantName = "[No Variations]"
Add component (AddParameter): Name = "Manufacturer"; Value = "Adam Tech"; VariantName = "[No Variations]"
Add component (AddParameter): Name = "Packaging"; Value = "Bulk"; VariantName = "[No Variations]"
Add component (AddParameter): Name = "Price"; Value = "$2.20"; VariantName = "[No Variations]"
Add component (AddParameter): Name = "Viet Nam Link"; Value = "https://linhkienchatluong.vn/de-anten/de-anten-sma-5-chan-cai-thang-sma-ke_sp1035_ct8354.aspx"; VariantName = "[No Variations]"
Added Component: Designator=JP?(BNC-KE)
Add component (AddParameter): Name = "Link"; Value = "https://www.digikey.cn/en/products/detail/te-connectivity-linx/CONBNC001/16013844"; VariantName = "[No Variations]"
Add component (AddParameter): Name = "Manufacture Part Number"; Value = "CONBNC001"; VariantName = "[No Variations]"
Add component (AddParameter): Name = "Manufacturer"; Value = "TE Connectivity Linx"; VariantName = "[No Variations]"
Add component (AddParameter): Name = "Packaging"; Value = "Tray"; VariantName = "[No Variations]"
Add component (AddParameter): Name = "Price"; Value = "$1.84"; VariantName = "[No Variations]"
Add component (AddParameter): Name = "Viet Nam Link"; Value = "https://linhkien888.vn/dau-bnc-ke-female-han-mach"; VariantName = "[No Variations]"
Added Component: Designator=JP?(SMA-KWE)
Add component (AddParameter): Name = "Link"; Value = "https://www.digikey.cn/en/products/detail/adam-tech/RF2-04A-T-00-50-G/9830588"; VariantName = "[No Variations]"
Add component (AddParameter): Name = "Manufacture Part Number"; Value = "RF2-04A-T-00-50-G"; VariantName = "[No Variations]"
Add component (AddParameter): Name = "Manufacturer"; Value = "Adam Tech"; VariantName = "[No Variations]"
Add component (AddParameter): Name = "Packaging"; Value = "Bulk"; VariantName = "[No Variations]"
Add component (AddParameter): Name = "Price"; Value = "$2.20"; VariantName = "[No Variations]"
Add component (AddParameter): Name = "Viet Nam Link"; Value = "https://linhkienchatluong.vn/de-anten/de-anten-sma-5-chan-cai-thang-sma-ke_sp1035_ct8354.aspx"; VariantName = "[No Variations]"
Added Component: Designator=JP?(TERMINAL_5MM_2P)
Add component (AddParameter): Name = "Link"; Value = "https://www.digikey.cn/en/products/detail/w%C3%BCrth-elektronik/691137710002/6644051"; VariantName = "[No Variations]"
Add component (AddParameter): Name = "Manufacture Part Number"; Value = "691137710002"; VariantName = "[No Variations]"
Add component (AddParameter): Name = "Manufacturer"; Value = "Würth Elektronik"; VariantName = "[No Variations]"
Add component (AddParameter): Name = "Packaging"; Value = "Bulk"; VariantName = "[No Variations]"
Add component (AddParameter): Name = "Price"; Value = "$0.41"; VariantName = "[No Variations]"
Add component (AddParameter): Name = "Viet Nam Link"; Value = "https://linhkienchatluong.vn/cau-dau-kf127/cau-dau-2p-kf127-508mm-mau-xanh-chinh-hang-meigan_sp868_ct4100.aspx"; VariantName = "[No Variations]"
Added Component: Designator=JP?(SMA-KWE)
Add component (AddParameter): Name = "Link"; Value = "https://www.digikey.cn/en/products/detail/adam-tech/RF2-04A-T-00-50-G/9830588"; VariantName = "[No Variations]"
Add component (AddParameter): Name = "Manufacture Part Number"; Value = "RF2-04A-T-00-50-G"; VariantName = "[No Variations]"
Add component (AddParameter): Name = "Manufacturer"; Value = "Adam Tech"; VariantName = "[No Variations]"
Add component (AddParameter): Name = "Packaging"; Value = "Bulk"; VariantName = "[No Variations]"
Add component (AddParameter): Name = "Price"; Value = "$2.20"; VariantName = "[No Variations]"
Add component (AddParameter): Name = "Viet Nam Link"; Value = "https://linhkienchatluong.vn/de-anten/de-anten-sma-5-chan-cai-thang-sma-ke_sp1035_ct8354.aspx"; VariantName = "[No Variations]"
Added Component: Designator=R?(HS50_P_RES)
Add component (AddParameter): Name = "Link"; Value = "https://www.digikey.cn/en/products/detail/te-connectivity-passive-product/HSA50R50J/2366456"; VariantName = "[No Variations]"
Add component (AddParameter): Name = "Manufacture Part Number"; Value = "HSA50R50J"; VariantName = "[No Variations]"
Add component (AddParameter): Name = "Manufacturer"; Value = "TE Connectivity Passive Product"; VariantName = "[No Variations]"
Add component (AddParameter): Name = "Packaging"; Value = "Cut Tape (CT)"; VariantName = "[No Variations]"
Add component (AddParameter): Name = "Price"; Value = "$5.78"; VariantName = "[No Variations]"
Add component (AddParameter): Name = "Viet Nam Link"; Value = "https://linhkienchatluong.vn/dien-tro-nhom-50w/dien-tro-nhom-50w-05r-5-rx24-50w05r_sp478_ct3334.aspx"; VariantName = "[No Variations]"
Added Pin To Net: NetName=A00 Pin=JP?-1
Added Pin To Net: NetName=A00 Pin=JP?-1
Added Net: Name=A00
Added Pin To Net: NetName=A01 Pin=JP?-1
Added Pin To Net: NetName=A01 Pin=JP?-2
Added Net: Name=A01
Added Pin To Net: NetName=A02 Pin=JP?-1
Added Pin To Net: NetName=A02 Pin=JP?-3
Added Net: Name=A02
Added Pin To Net: NetName=A03 Pin=JP?-1
Added Pin To Net: NetName=A03 Pin=JP?-4
Added Net: Name=A03
Added Pin To Net: NetName=A04 Pin=JP?-1
Added Pin To Net: NetName=A04 Pin=JP?-5
Added Net: Name=A04
Added Pin To Net: NetName=A05 Pin=JP?-1
Added Pin To Net: NetName=A05 Pin=JP?-6
Added Net: Name=A05
Added Pin To Net: NetName=BNC1_IN Pin=JP?-1
Added Pin To Net: NetName=BNC1_IN Pin=JP?-1
Added Pin To Net: NetName=BNC1_IN Pin=JP?-1
Added Pin To Net: NetName=BNC1_IN Pin=R?-1
Added Net: Name=BNC1_IN
Added Pin To Net: NetName=BNC2_IN Pin=JP?-1
Added Pin To Net: NetName=BNC2_IN Pin=JP?-2
Added Pin To Net: NetName=BNC2_IN Pin=JP?-3
Added Pin To Net: NetName=BNC2_IN Pin=JP?-4
Added Pin To Net: NetName=BNC2_IN Pin=JP?-5
Added Pin To Net: NetName=BNC2_IN Pin=R?-2
Added Net: Name=BNC2_IN
Added Pin To Net: NetName=COM_A00 Pin=JP?-2
Added Pin To Net: NetName=COM_A00 Pin=JP?-3
Added Pin To Net: NetName=COM_A00 Pin=JP?-4
Added Pin To Net: NetName=COM_A00 Pin=JP?-5
Added Pin To Net: NetName=COM_A00 Pin=JP?-20
Added Net: Name=COM_A00
Added Pin To Net: NetName=COM_A01 Pin=JP?-2
Added Pin To Net: NetName=COM_A01 Pin=JP?-3
Added Pin To Net: NetName=COM_A01 Pin=JP?-4
Added Pin To Net: NetName=COM_A01 Pin=JP?-5
Added Pin To Net: NetName=COM_A01 Pin=JP?-21
Added Net: Name=COM_A01
Added Pin To Net: NetName=COM_A02 Pin=JP?-2
Added Pin To Net: NetName=COM_A02 Pin=JP?-3
Added Pin To Net: NetName=COM_A02 Pin=JP?-4
Added Pin To Net: NetName=COM_A02 Pin=JP?-5
Added Pin To Net: NetName=COM_A02 Pin=JP?-22
Added Net: Name=COM_A02
Added Pin To Net: NetName=COM_A03 Pin=JP?-2
Added Pin To Net: NetName=COM_A03 Pin=JP?-3
Added Pin To Net: NetName=COM_A03 Pin=JP?-4
Added Pin To Net: NetName=COM_A03 Pin=JP?-5
Added Pin To Net: NetName=COM_A03 Pin=JP?-23
Added Net: Name=COM_A03
Added Pin To Net: NetName=COM_A04 Pin=JP?-2
Added Pin To Net: NetName=COM_A04 Pin=JP?-3
Added Pin To Net: NetName=COM_A04 Pin=JP?-4
Added Pin To Net: NetName=COM_A04 Pin=JP?-5
Added Pin To Net: NetName=COM_A04 Pin=JP?-24
Added Net: Name=COM_A04
Added Pin To Net: NetName=COM_A05 Pin=JP?-2
Added Pin To Net: NetName=COM_A05 Pin=JP?-3
Added Pin To Net: NetName=COM_A05 Pin=JP?-4
Added Pin To Net: NetName=COM_A05 Pin=JP?-5
Added Pin To Net: NetName=COM_A05 Pin=JP?-25
Added Net: Name=COM_A05
Added Pin To Net: NetName=GND Pin=JP?-2
Added Pin To Net: NetName=GND Pin=JP?-2
Added Pin To Net: NetName=GND Pin=JP?-2
Added Pin To Net: NetName=GND Pin=JP?-3
Added Pin To Net: NetName=GND Pin=JP?-3
Added Pin To Net: NetName=GND Pin=JP?-3
Added Pin To Net: NetName=GND Pin=JP?-4
Added Pin To Net: NetName=GND Pin=JP?-4
Added Pin To Net: NetName=GND Pin=JP?-4
Added Pin To Net: NetName=GND Pin=JP?-5
Added Pin To Net: NetName=GND Pin=JP?-5
Added Pin To Net: NetName=GND Pin=JP?-5
Added Net: Name=GND
Added Pin To Net: NetName=NetJP?_1 Pin=JP?-1
Added Pin To Net: NetName=NetJP?_1 Pin=JP?-1
Added Net: Name=NetJP?_1
Add Net: Net with name "NetJP?_1" already exists
Add Net: Net with name "NetJP?_1" already exists
Add Net: Net with name "NetJP?_1" already exists
Add Net: Net with name "NetJP?_1" already exists
Add Net: Net with name "NetJP?_1" already exists
Add Net: Net with name "NetJP?_1" already exists
Add Net: Net with name "NetJP?_1" already exists
Added Pin To Net: NetName=NetJP?_2 Pin=JP?-2
Added Pin To Net: NetName=NetJP?_2 Pin=JP?-2
Added Pin To Net: NetName=NetJP?_2 Pin=JP?-3
Added Pin To Net: NetName=NetJP?_2 Pin=JP?-4
Added Pin To Net: NetName=NetJP?_2 Pin=JP?-5
Added Net: Name=NetJP?_2
Add Net: Net with name "NetJP?_2" already exists
Add Net: Net with name "NetJP?_2" already exists
Add Net: Net with name "NetJP?_2" already exists
Add Net: Net with name "NetJP?_2" already exists
Add Net: Net with name "NetJP?_2" already exists
Add Net: Net with name "NetJP?_2" already exists
Add Net: Net with name "NetJP?_2" already exists
Added Class: Name=VDT
